CRITICAL - 2022-02-15 18:14:45 --> Invalid file: PesananrList.php
#0 D:\xampp\htdocs\app_cafe_cintia\system\View\View.php(198): CodeIgniter\Exceptions\FrameworkException::forInvalidFile('PesananrList.ph...')
#1 D:\xampp\htdocs\app_cafe_cintia\system\Common.php(1089): CodeIgniter\View\View->render('PesananrList', Array, true)
#2 D:\xampp\htdocs\app_cafe_cintia\app\Controllers\PesananController.php(36): view('PesananrList', Array)
#3 D:\xampp\htdocs\app_cafe_cintia\system\CodeIgniter.php(825): App\Controllers\PesananController->index()
#4 D:\xampp\htdocs\app_cafe_cintia\system\CodeIgniter.php(412): CodeIgniter\CodeIgniter->runController(Object(App\Controllers\PesananController))
#5 D:\xampp\htdocs\app_cafe_cintia\system\CodeIgniter.php(320): CodeIgniter\CodeIgniter->handleRequest(NULL, Object(Config\Cache), false)
#6 D:\xampp\htdocs\app_cafe_cintia\public\index.php(37): CodeIgniter\CodeIgniter->run()
#7 D:\xampp\htdocs\app_cafe_cintia\system\Commands\Server\rewrite.php(43): require_once('D:\\xampp\\htdocs...')
#8 {main}
CRITICAL - 2022-02-15 18:14:46 --> Invalid file: PesananrList.php
#0 D:\xampp\htdocs\app_cafe_cintia\system\View\View.php(198): CodeIgniter\Exceptions\FrameworkException::forInvalidFile('PesananrList.ph...')
#1 D:\xampp\htdocs\app_cafe_cintia\system\Common.php(1089): CodeIgniter\View\View->render('PesananrList', Array, true)
#2 D:\xampp\htdocs\app_cafe_cintia\app\Controllers\PesananController.php(36): view('PesananrList', Array)
#3 D:\xampp\htdocs\app_cafe_cintia\system\CodeIgniter.php(825): App\Controllers\PesananController->index()
#4 D:\xampp\htdocs\app_cafe_cintia\system\CodeIgniter.php(412): CodeIgniter\CodeIgniter->runController(Object(App\Controllers\PesananController))
#5 D:\xampp\htdocs\app_cafe_cintia\system\CodeIgniter.php(320): CodeIgniter\CodeIgniter->handleRequest(NULL, Object(Config\Cache), false)
#6 D:\xampp\htdocs\app_cafe_cintia\public\index.php(37): CodeIgniter\CodeIgniter->run()
#7 D:\xampp\htdocs\app_cafe_cintia\system\Commands\Server\rewrite.php(43): require_once('D:\\xampp\\htdocs...')
#8 {main}
CRITICAL - 2022-02-15 18:14:46 --> Invalid file: PesananrList.php
#0 D:\xampp\htdocs\app_cafe_cintia\system\View\View.php(198): CodeIgniter\Exceptions\FrameworkException::forInvalidFile('PesananrList.ph...')
#1 D:\xampp\htdocs\app_cafe_cintia\system\Common.php(1089): CodeIgniter\View\View->render('PesananrList', Array, true)
#2 D:\xampp\htdocs\app_cafe_cintia\app\Controllers\PesananController.php(36): view('PesananrList', Array)
#3 D:\xampp\htdocs\app_cafe_cintia\system\CodeIgniter.php(825): App\Controllers\PesananController->index()
#4 D:\xampp\htdocs\app_cafe_cintia\system\CodeIgniter.php(412): CodeIgniter\CodeIgniter->runController(Object(App\Controllers\PesananController))
#5 D:\xampp\htdocs\app_cafe_cintia\system\CodeIgniter.php(320): CodeIgniter\CodeIgniter->handleRequest(NULL, Object(Config\Cache), false)
#6 D:\xampp\htdocs\app_cafe_cintia\public\index.php(37): CodeIgniter\CodeIgniter->run()
#7 D:\xampp\htdocs\app_cafe_cintia\system\Commands\Server\rewrite.php(43): require_once('D:\\xampp\\htdocs...')
#8 {main}
