CRITICAL - 2022-02-08 08:59:04 --> Undefined variable $data
#0 D:\xampp\htdocs\app_cafe_cintia\app\Views\menuList.php(31): CodeIgniter\Debug\Exceptions->errorHandler(2, 'Undefined varia...', 'D:\\xampp\\htdocs...', 31)
#1 D:\xampp\htdocs\app_cafe_cintia\system\View\View.php(210): include('D:\\xampp\\htdocs...')
#2 D:\xampp\htdocs\app_cafe_cintia\system\View\View.php(213): CodeIgniter\View\View->CodeIgniter\View\{closure}()
#3 D:\xampp\htdocs\app_cafe_cintia\system\Common.php(1089): CodeIgniter\View\View->render('menuList', Array, true)
#4 D:\xampp\htdocs\app_cafe_cintia\app\Controllers\MenuController.php(14): view('menuList', Array)
#5 D:\xampp\htdocs\app_cafe_cintia\system\CodeIgniter.php(825): App\Controllers\MenuController->tampil()
#6 D:\xampp\htdocs\app_cafe_cintia\system\CodeIgniter.php(412): CodeIgniter\CodeIgniter->runController(Object(App\Controllers\MenuController))
#7 D:\xampp\htdocs\app_cafe_cintia\system\CodeIgniter.php(320): CodeIgniter\CodeIgniter->handleRequest(NULL, Object(Config\Cache), false)
#8 D:\xampp\htdocs\app_cafe_cintia\public\index.php(37): CodeIgniter\CodeIgniter->run()
#9 D:\xampp\htdocs\app_cafe_cintia\system\Commands\Server\rewrite.php(43): require_once('D:\\xampp\\htdocs...')
#10 {main}
CRITICAL - 2022-02-08 09:02:28 --> Undefined variable $menu
#0 D:\xampp\htdocs\app_cafe_cintia\app\Views\menuList.php(31): CodeIgniter\Debug\Exceptions->errorHandler(2, 'Undefined varia...', 'D:\\xampp\\htdocs...', 31)
#1 D:\xampp\htdocs\app_cafe_cintia\system\View\View.php(210): include('D:\\xampp\\htdocs...')
#2 D:\xampp\htdocs\app_cafe_cintia\system\View\View.php(213): CodeIgniter\View\View->CodeIgniter\View\{closure}()
#3 D:\xampp\htdocs\app_cafe_cintia\system\Common.php(1089): CodeIgniter\View\View->render('menuList', Array, true)
#4 D:\xampp\htdocs\app_cafe_cintia\app\Controllers\MenuController.php(14): view('menuList', Array)
#5 D:\xampp\htdocs\app_cafe_cintia\system\CodeIgniter.php(825): App\Controllers\MenuController->tampil()
#6 D:\xampp\htdocs\app_cafe_cintia\system\CodeIgniter.php(412): CodeIgniter\CodeIgniter->runController(Object(App\Controllers\MenuController))
#7 D:\xampp\htdocs\app_cafe_cintia\system\CodeIgniter.php(320): CodeIgniter\CodeIgniter->handleRequest(NULL, Object(Config\Cache), false)
#8 D:\xampp\htdocs\app_cafe_cintia\public\index.php(37): CodeIgniter\CodeIgniter->run()
#9 D:\xampp\htdocs\app_cafe_cintia\system\Commands\Server\rewrite.php(43): require_once('D:\\xampp\\htdocs...')
#10 {main}
CRITICAL - 2022-02-08 09:05:23 --> Undefined variable $data
#0 D:\xampp\htdocs\app_cafe_cintia\app\Views\menuList.php(31): CodeIgniter\Debug\Exceptions->errorHandler(2, 'Undefined varia...', 'D:\\xampp\\htdocs...', 31)
#1 D:\xampp\htdocs\app_cafe_cintia\system\View\View.php(210): include('D:\\xampp\\htdocs...')
#2 D:\xampp\htdocs\app_cafe_cintia\system\View\View.php(213): CodeIgniter\View\View->CodeIgniter\View\{closure}()
#3 D:\xampp\htdocs\app_cafe_cintia\system\Common.php(1089): CodeIgniter\View\View->render('menuList', Array, true)
#4 D:\xampp\htdocs\app_cafe_cintia\app\Controllers\MenuController.php(14): view('menuList', Array)
#5 D:\xampp\htdocs\app_cafe_cintia\system\CodeIgniter.php(825): App\Controllers\MenuController->tampil()
#6 D:\xampp\htdocs\app_cafe_cintia\system\CodeIgniter.php(412): CodeIgniter\CodeIgniter->runController(Object(App\Controllers\MenuController))
#7 D:\xampp\htdocs\app_cafe_cintia\system\CodeIgniter.php(320): CodeIgniter\CodeIgniter->handleRequest(NULL, Object(Config\Cache), false)
#8 D:\xampp\htdocs\app_cafe_cintia\public\index.php(37): CodeIgniter\CodeIgniter->run()
#9 D:\xampp\htdocs\app_cafe_cintia\system\Commands\Server\rewrite.php(43): require_once('D:\\xampp\\htdocs...')
#10 {main}
