CRITICAL - 2022-02-10 19:24:54 --> Undefined variable $data
#0 D:\xampp\htdocs\app_cafe_cintia\app\Views\menuList.php(31): CodeIgniter\Debug\Exceptions->errorHandler(2, 'Undefined varia...', 'D:\\xampp\\htdocs...', 31)
#1 D:\xampp\htdocs\app_cafe_cintia\system\View\View.php(210): include('D:\\xampp\\htdocs...')
#2 D:\xampp\htdocs\app_cafe_cintia\system\View\View.php(213): CodeIgniter\View\View->CodeIgniter\View\{closure}()
#3 D:\xampp\htdocs\app_cafe_cintia\system\Common.php(1089): CodeIgniter\View\View->render('menuList', Array, true)
#4 D:\xampp\htdocs\app_cafe_cintia\app\Controllers\MenuController.php(14): view('menuList', Array)
#5 D:\xampp\htdocs\app_cafe_cintia\system\CodeIgniter.php(825): App\Controllers\MenuController->tampil()
#6 D:\xampp\htdocs\app_cafe_cintia\system\CodeIgniter.php(412): CodeIgniter\CodeIgniter->runController(Object(App\Controllers\MenuController))
#7 D:\xampp\htdocs\app_cafe_cintia\system\CodeIgniter.php(320): CodeIgniter\CodeIgniter->handleRequest(NULL, Object(Config\Cache), false)
#8 D:\xampp\htdocs\app_cafe_cintia\public\index.php(37): CodeIgniter\CodeIgniter->run()
#9 D:\xampp\htdocs\app_cafe_cintia\system\Commands\Server\rewrite.php(43): require_once('D:\\xampp\\htdocs...')
#10 {main}
CRITICAL - 2022-02-10 19:58:06 --> syntax error, unexpected token "{", expecting "function" or "const"
#0 D:\xampp\htdocs\app_cafe_cintia\system\Autoloader\Autoloader.php(241): CodeIgniter\Autoloader\Autoloader->includeFile('D:\\xampp\\htdocs...')
#1 D:\xampp\htdocs\app_cafe_cintia\system\Autoloader\Autoloader.php(219): CodeIgniter\Autoloader\Autoloader->loadInNamespace('App\\Controllers...')
#2 [internal function]: CodeIgniter\Autoloader\Autoloader->loadClass('App\\Controllers...')
#3 D:\xampp\htdocs\app_cafe_cintia\system\CodeIgniter.php(790): class_exists('\\App\\Controller...', true)
#4 D:\xampp\htdocs\app_cafe_cintia\system\CodeIgniter.php(399): CodeIgniter\CodeIgniter->startController()
#5 D:\xampp\htdocs\app_cafe_cintia\system\CodeIgniter.php(320): CodeIgniter\CodeIgniter->handleRequest(NULL, Object(Config\Cache), false)
#6 D:\xampp\htdocs\app_cafe_cintia\public\index.php(37): CodeIgniter\CodeIgniter->run()
#7 D:\xampp\htdocs\app_cafe_cintia\system\Commands\Server\rewrite.php(43): require_once('D:\\xampp\\htdocs...')
#8 {main}
CRITICAL - 2022-02-10 19:58:39 --> Undefined array key "username"
#0 D:\xampp\htdocs\app_cafe_cintia\app\Views\userList.php(34): CodeIgniter\Debug\Exceptions->errorHandler(2, 'Undefined array...', 'D:\\xampp\\htdocs...', 34)
#1 D:\xampp\htdocs\app_cafe_cintia\system\View\View.php(210): include('D:\\xampp\\htdocs...')
#2 D:\xampp\htdocs\app_cafe_cintia\system\View\View.php(213): CodeIgniter\View\View->CodeIgniter\View\{closure}()
#3 D:\xampp\htdocs\app_cafe_cintia\system\Common.php(1089): CodeIgniter\View\View->render('UserList', Array, true)
#4 D:\xampp\htdocs\app_cafe_cintia\app\Controllers\MenuController.php(24): view('UserList', Array)
#5 D:\xampp\htdocs\app_cafe_cintia\system\CodeIgniter.php(825): App\Controllers\MenuController->tampil()
#6 D:\xampp\htdocs\app_cafe_cintia\system\CodeIgniter.php(412): CodeIgniter\CodeIgniter->runController(Object(App\Controllers\MenuController))
#7 D:\xampp\htdocs\app_cafe_cintia\system\CodeIgniter.php(320): CodeIgniter\CodeIgniter->handleRequest(NULL, Object(Config\Cache), false)
#8 D:\xampp\htdocs\app_cafe_cintia\public\index.php(37): CodeIgniter\CodeIgniter->run()
#9 D:\xampp\htdocs\app_cafe_cintia\system\Commands\Server\rewrite.php(43): require_once('D:\\xampp\\htdocs...')
#10 {main}
CRITICAL - 2022-02-10 20:00:39 --> Undefined array key "username"
#0 D:\xampp\htdocs\app_cafe_cintia\app\Views\userList.php(34): CodeIgniter\Debug\Exceptions->errorHandler(2, 'Undefined array...', 'D:\\xampp\\htdocs...', 34)
#1 D:\xampp\htdocs\app_cafe_cintia\system\View\View.php(210): include('D:\\xampp\\htdocs...')
#2 D:\xampp\htdocs\app_cafe_cintia\system\View\View.php(213): CodeIgniter\View\View->CodeIgniter\View\{closure}()
#3 D:\xampp\htdocs\app_cafe_cintia\system\Common.php(1089): CodeIgniter\View\View->render('UserList', Array, true)
#4 D:\xampp\htdocs\app_cafe_cintia\app\Controllers\MenuController.php(24): view('UserList', Array)
#5 D:\xampp\htdocs\app_cafe_cintia\system\CodeIgniter.php(825): App\Controllers\MenuController->tampil()
#6 D:\xampp\htdocs\app_cafe_cintia\system\CodeIgniter.php(412): CodeIgniter\CodeIgniter->runController(Object(App\Controllers\MenuController))
#7 D:\xampp\htdocs\app_cafe_cintia\system\CodeIgniter.php(320): CodeIgniter\CodeIgniter->handleRequest(NULL, Object(Config\Cache), false)
#8 D:\xampp\htdocs\app_cafe_cintia\public\index.php(37): CodeIgniter\CodeIgniter->run()
#9 D:\xampp\htdocs\app_cafe_cintia\system\Commands\Server\rewrite.php(43): require_once('D:\\xampp\\htdocs...')
#10 {main}
CRITICAL - 2022-02-10 20:00:40 --> Undefined array key "username"
#0 D:\xampp\htdocs\app_cafe_cintia\app\Views\userList.php(34): CodeIgniter\Debug\Exceptions->errorHandler(2, 'Undefined array...', 'D:\\xampp\\htdocs...', 34)
#1 D:\xampp\htdocs\app_cafe_cintia\system\View\View.php(210): include('D:\\xampp\\htdocs...')
#2 D:\xampp\htdocs\app_cafe_cintia\system\View\View.php(213): CodeIgniter\View\View->CodeIgniter\View\{closure}()
#3 D:\xampp\htdocs\app_cafe_cintia\system\Common.php(1089): CodeIgniter\View\View->render('UserList', Array, true)
#4 D:\xampp\htdocs\app_cafe_cintia\app\Controllers\MenuController.php(24): view('UserList', Array)
#5 D:\xampp\htdocs\app_cafe_cintia\system\CodeIgniter.php(825): App\Controllers\MenuController->tampil()
#6 D:\xampp\htdocs\app_cafe_cintia\system\CodeIgniter.php(412): CodeIgniter\CodeIgniter->runController(Object(App\Controllers\MenuController))
#7 D:\xampp\htdocs\app_cafe_cintia\system\CodeIgniter.php(320): CodeIgniter\CodeIgniter->handleRequest(NULL, Object(Config\Cache), false)
#8 D:\xampp\htdocs\app_cafe_cintia\public\index.php(37): CodeIgniter\CodeIgniter->run()
#9 D:\xampp\htdocs\app_cafe_cintia\system\Commands\Server\rewrite.php(43): require_once('D:\\xampp\\htdocs...')
#10 {main}
CRITICAL - 2022-02-10 20:01:51 --> Undefined variable $dmenu
#0 D:\xampp\htdocs\app_cafe_cintia\app\Views\menuList.php(30): CodeIgniter\Debug\Exceptions->errorHandler(2, 'Undefined varia...', 'D:\\xampp\\htdocs...', 30)
#1 D:\xampp\htdocs\app_cafe_cintia\system\View\View.php(210): include('D:\\xampp\\htdocs...')
#2 D:\xampp\htdocs\app_cafe_cintia\system\View\View.php(213): CodeIgniter\View\View->CodeIgniter\View\{closure}()
#3 D:\xampp\htdocs\app_cafe_cintia\system\Common.php(1089): CodeIgniter\View\View->render('MenuList', Array, true)
#4 D:\xampp\htdocs\app_cafe_cintia\app\Controllers\MenuController.php(24): view('MenuList', Array)
#5 D:\xampp\htdocs\app_cafe_cintia\system\CodeIgniter.php(825): App\Controllers\MenuController->tampil()
#6 D:\xampp\htdocs\app_cafe_cintia\system\CodeIgniter.php(412): CodeIgniter\CodeIgniter->runController(Object(App\Controllers\MenuController))
#7 D:\xampp\htdocs\app_cafe_cintia\system\CodeIgniter.php(320): CodeIgniter\CodeIgniter->handleRequest(NULL, Object(Config\Cache), false)
#8 D:\xampp\htdocs\app_cafe_cintia\public\index.php(37): CodeIgniter\CodeIgniter->run()
#9 D:\xampp\htdocs\app_cafe_cintia\system\Commands\Server\rewrite.php(43): require_once('D:\\xampp\\htdocs...')
#10 {main}
CRITICAL - 2022-02-10 20:28:42 --> Invalid file: PesananrList.php
#0 D:\xampp\htdocs\app_cafe_cintia\system\View\View.php(198): CodeIgniter\Exceptions\FrameworkException::forInvalidFile('PesananrList.ph...')
#1 D:\xampp\htdocs\app_cafe_cintia\system\Common.php(1089): CodeIgniter\View\View->render('PesananrList', Array, true)
#2 D:\xampp\htdocs\app_cafe_cintia\app\Controllers\PesananController.php(24): view('PesananrList', Array)
#3 D:\xampp\htdocs\app_cafe_cintia\system\CodeIgniter.php(825): App\Controllers\PesananController->tampil()
#4 D:\xampp\htdocs\app_cafe_cintia\system\CodeIgniter.php(412): CodeIgniter\CodeIgniter->runController(Object(App\Controllers\PesananController))
#5 D:\xampp\htdocs\app_cafe_cintia\system\CodeIgniter.php(320): CodeIgniter\CodeIgniter->handleRequest(NULL, Object(Config\Cache), false)
#6 D:\xampp\htdocs\app_cafe_cintia\public\index.php(37): CodeIgniter\CodeIgniter->run()
#7 D:\xampp\htdocs\app_cafe_cintia\system\Commands\Server\rewrite.php(43): require_once('D:\\xampp\\htdocs...')
#8 {main}
