CRITICAL - 2022-02-17 21:07:45 --> Undefined array key "jenis"
#0 D:\xampp\htdocs\app_cafe_cintia\app\Controllers\UserController.php(82): CodeIgniter\Debug\Exceptions->errorHandler(2, 'Undefined array...', 'D:\\xampp\\htdocs...', 82)
#1 D:\xampp\htdocs\app_cafe_cintia\system\CodeIgniter.php(825): App\Controllers\UserController->login()
#2 D:\xampp\htdocs\app_cafe_cintia\system\CodeIgniter.php(412): CodeIgniter\CodeIgniter->runController(Object(App\Controllers\UserController))
#3 D:\xampp\htdocs\app_cafe_cintia\system\CodeIgniter.php(320): CodeIgniter\CodeIgniter->handleRequest(NULL, Object(Config\Cache), false)
#4 D:\xampp\htdocs\app_cafe_cintia\public\index.php(37): CodeIgniter\CodeIgniter->run()
#5 D:\xampp\htdocs\app_cafe_cintia\system\Commands\Server\rewrite.php(43): require_once('D:\\xampp\\htdocs...')
#6 {main}
CRITICAL - 2022-02-17 21:08:39 --> Undefined variable $ses_data
#0 D:\xampp\htdocs\app_cafe_cintia\app\Controllers\UserController.php(84): CodeIgniter\Debug\Exceptions->errorHandler(2, 'Undefined varia...', 'D:\\xampp\\htdocs...', 84)
#1 D:\xampp\htdocs\app_cafe_cintia\system\CodeIgniter.php(825): App\Controllers\UserController->login()
#2 D:\xampp\htdocs\app_cafe_cintia\system\CodeIgniter.php(412): CodeIgniter\CodeIgniter->runController(Object(App\Controllers\UserController))
#3 D:\xampp\htdocs\app_cafe_cintia\system\CodeIgniter.php(320): CodeIgniter\CodeIgniter->handleRequest(NULL, Object(Config\Cache), false)
#4 D:\xampp\htdocs\app_cafe_cintia\public\index.php(37): CodeIgniter\CodeIgniter->run()
#5 D:\xampp\htdocs\app_cafe_cintia\system\Commands\Server\rewrite.php(43): require_once('D:\\xampp\\htdocs...')
#6 {main}
CRITICAL - 2022-02-17 21:12:37 --> syntax error, unexpected token "public"
#0 D:\xampp\htdocs\app_cafe_cintia\system\Autoloader\Autoloader.php(241): CodeIgniter\Autoloader\Autoloader->includeFile('D:\\xampp\\htdocs...')
#1 D:\xampp\htdocs\app_cafe_cintia\system\Autoloader\Autoloader.php(219): CodeIgniter\Autoloader\Autoloader->loadInNamespace('App\\Controllers...')
#2 [internal function]: CodeIgniter\Autoloader\Autoloader->loadClass('App\\Controllers...')
#3 D:\xampp\htdocs\app_cafe_cintia\system\CodeIgniter.php(790): class_exists('\\App\\Controller...', true)
#4 D:\xampp\htdocs\app_cafe_cintia\system\CodeIgniter.php(399): CodeIgniter\CodeIgniter->startController()
#5 D:\xampp\htdocs\app_cafe_cintia\system\CodeIgniter.php(320): CodeIgniter\CodeIgniter->handleRequest(NULL, Object(Config\Cache), false)
#6 D:\xampp\htdocs\app_cafe_cintia\public\index.php(37): CodeIgniter\CodeIgniter->run()
#7 D:\xampp\htdocs\app_cafe_cintia\system\Commands\Server\rewrite.php(43): require_once('D:\\xampp\\htdocs...')
#8 {main}
