CRITICAL - 2022-02-28 19:12:17 --> Undefined array key "nama_pemesan"
#0 D:\xampp\htdocs\app_cafe_cintia\app\Views\pesananlist.php(90): CodeIgniter\Debug\Exceptions->errorHandler(2, 'Undefined array...', 'D:\\xampp\\htdocs...', 90)
#1 D:\xampp\htdocs\app_cafe_cintia\system\View\View.php(210): include('D:\\xampp\\htdocs...')
#2 D:\xampp\htdocs\app_cafe_cintia\system\View\View.php(213): CodeIgniter\View\View->CodeIgniter\View\{closure}()
#3 D:\xampp\htdocs\app_cafe_cintia\system\Common.php(1089): CodeIgniter\View\View->render('pesananlist', Array, true)
#4 D:\xampp\htdocs\app_cafe_cintia\app\Controllers\PesananController.php(34): view('pesananlist', Array)
#5 D:\xampp\htdocs\app_cafe_cintia\system\CodeIgniter.php(825): App\Controllers\pesanancontroller->index()
#6 D:\xampp\htdocs\app_cafe_cintia\system\CodeIgniter.php(412): CodeIgniter\CodeIgniter->runController(Object(App\Controllers\pesanancontroller))
#7 D:\xampp\htdocs\app_cafe_cintia\system\CodeIgniter.php(320): CodeIgniter\CodeIgniter->handleRequest(NULL, Object(Config\Cache), false)
#8 D:\xampp\htdocs\app_cafe_cintia\public\index.php(37): CodeIgniter\CodeIgniter->run()
#9 D:\xampp\htdocs\app_cafe_cintia\system\Commands\Server\rewrite.php(43): require_once('D:\\xampp\\htdocs...')
#10 {main}
CRITICAL - 2022-02-28 19:12:18 --> Undefined array key "nama_pemesan"
#0 D:\xampp\htdocs\app_cafe_cintia\app\Views\pesananlist.php(90): CodeIgniter\Debug\Exceptions->errorHandler(2, 'Undefined array...', 'D:\\xampp\\htdocs...', 90)
#1 D:\xampp\htdocs\app_cafe_cintia\system\View\View.php(210): include('D:\\xampp\\htdocs...')
#2 D:\xampp\htdocs\app_cafe_cintia\system\View\View.php(213): CodeIgniter\View\View->CodeIgniter\View\{closure}()
#3 D:\xampp\htdocs\app_cafe_cintia\system\Common.php(1089): CodeIgniter\View\View->render('pesananlist', Array, true)
#4 D:\xampp\htdocs\app_cafe_cintia\app\Controllers\PesananController.php(34): view('pesananlist', Array)
#5 D:\xampp\htdocs\app_cafe_cintia\system\CodeIgniter.php(825): App\Controllers\pesanancontroller->index()
#6 D:\xampp\htdocs\app_cafe_cintia\system\CodeIgniter.php(412): CodeIgniter\CodeIgniter->runController(Object(App\Controllers\pesanancontroller))
#7 D:\xampp\htdocs\app_cafe_cintia\system\CodeIgniter.php(320): CodeIgniter\CodeIgniter->handleRequest(NULL, Object(Config\Cache), false)
#8 D:\xampp\htdocs\app_cafe_cintia\public\index.php(37): CodeIgniter\CodeIgniter->run()
#9 D:\xampp\htdocs\app_cafe_cintia\system\Commands\Server\rewrite.php(43): require_once('D:\\xampp\\htdocs...')
#10 {main}
