CRITICAL - 2022-02-14 18:16:02 --> Invalid file: PesananrList.php
#0 D:\xampp\htdocs\app_cafe_cintia\system\View\View.php(198): CodeIgniter\Exceptions\FrameworkException::forInvalidFile('PesananrList.ph...')
#1 D:\xampp\htdocs\app_cafe_cintia\system\Common.php(1089): CodeIgniter\View\View->render('PesananrList', Array, true)
#2 D:\xampp\htdocs\app_cafe_cintia\app\Controllers\PesananController.php(24): view('PesananrList', Array)
#3 D:\xampp\htdocs\app_cafe_cintia\system\CodeIgniter.php(825): App\Controllers\PesananController->tampil()
#4 D:\xampp\htdocs\app_cafe_cintia\system\CodeIgniter.php(412): CodeIgniter\CodeIgniter->runController(Object(App\Controllers\PesananController))
#5 D:\xampp\htdocs\app_cafe_cintia\system\CodeIgniter.php(320): CodeIgniter\CodeIgniter->handleRequest(NULL, Object(Config\Cache), false)
#6 D:\xampp\htdocs\app_cafe_cintia\public\index.php(37): CodeIgniter\CodeIgniter->run()
#7 D:\xampp\htdocs\app_cafe_cintia\system\Commands\Server\rewrite.php(43): require_once('D:\\xampp\\htdocs...')
#8 {main}
CRITICAL - 2022-02-14 18:17:06 --> Invalid file: PesananrList.php
#0 D:\xampp\htdocs\app_cafe_cintia\system\View\View.php(198): CodeIgniter\Exceptions\FrameworkException::forInvalidFile('PesananrList.ph...')
#1 D:\xampp\htdocs\app_cafe_cintia\system\Common.php(1089): CodeIgniter\View\View->render('PesananrList', Array, true)
#2 D:\xampp\htdocs\app_cafe_cintia\app\Controllers\PesananController.php(24): view('PesananrList', Array)
#3 D:\xampp\htdocs\app_cafe_cintia\system\CodeIgniter.php(825): App\Controllers\PesananController->tampil()
#4 D:\xampp\htdocs\app_cafe_cintia\system\CodeIgniter.php(412): CodeIgniter\CodeIgniter->runController(Object(App\Controllers\PesananController))
#5 D:\xampp\htdocs\app_cafe_cintia\system\CodeIgniter.php(320): CodeIgniter\CodeIgniter->handleRequest(NULL, Object(Config\Cache), false)
#6 D:\xampp\htdocs\app_cafe_cintia\public\index.php(37): CodeIgniter\CodeIgniter->run()
#7 D:\xampp\htdocs\app_cafe_cintia\system\Commands\Server\rewrite.php(43): require_once('D:\\xampp\\htdocs...')
#8 {main}
CRITICAL - 2022-02-14 21:34:25 --> Class "App\Models\DetailModel" not found
#0 D:\xampp\htdocs\app_cafe_cintia\system\CodeIgniter.php(802): App\Controllers\PesananController->__construct()
#1 D:\xampp\htdocs\app_cafe_cintia\system\CodeIgniter.php(403): CodeIgniter\CodeIgniter->createController()
#2 D:\xampp\htdocs\app_cafe_cintia\system\CodeIgniter.php(320): CodeIgniter\CodeIgniter->handleRequest(NULL, Object(Config\Cache), false)
#3 D:\xampp\htdocs\app_cafe_cintia\public\index.php(37): CodeIgniter\CodeIgniter->run()
#4 D:\xampp\htdocs\app_cafe_cintia\system\Commands\Server\rewrite.php(43): require_once('D:\\xampp\\htdocs...')
#5 {main}
CRITICAL - 2022-02-14 22:23:56 --> Unclosed '{' on line 27 does not match ')'
#0 D:\xampp\htdocs\app_cafe_cintia\system\Autoloader\Autoloader.php(241): CodeIgniter\Autoloader\Autoloader->includeFile('D:\\xampp\\htdocs...')
#1 D:\xampp\htdocs\app_cafe_cintia\system\Autoloader\Autoloader.php(219): CodeIgniter\Autoloader\Autoloader->loadInNamespace('App\\Controllers...')
#2 [internal function]: CodeIgniter\Autoloader\Autoloader->loadClass('App\\Controllers...')
#3 D:\xampp\htdocs\app_cafe_cintia\system\CodeIgniter.php(790): class_exists('\\App\\Controller...', true)
#4 D:\xampp\htdocs\app_cafe_cintia\system\CodeIgniter.php(399): CodeIgniter\CodeIgniter->startController()
#5 D:\xampp\htdocs\app_cafe_cintia\system\CodeIgniter.php(320): CodeIgniter\CodeIgniter->handleRequest(NULL, Object(Config\Cache), false)
#6 D:\xampp\htdocs\app_cafe_cintia\public\index.php(37): CodeIgniter\CodeIgniter->run()
#7 D:\xampp\htdocs\app_cafe_cintia\system\Commands\Server\rewrite.php(43): require_once('D:\\xampp\\htdocs...')
#8 {main}
CRITICAL - 2022-02-14 22:28:03 --> Class "App\Controllers\DetailPesananModel" not found
#0 D:\xampp\htdocs\app_cafe_cintia\system\CodeIgniter.php(802): App\Controllers\PesananController->__construct()
#1 D:\xampp\htdocs\app_cafe_cintia\system\CodeIgniter.php(403): CodeIgniter\CodeIgniter->createController()
#2 D:\xampp\htdocs\app_cafe_cintia\system\CodeIgniter.php(320): CodeIgniter\CodeIgniter->handleRequest(NULL, Object(Config\Cache), false)
#3 D:\xampp\htdocs\app_cafe_cintia\public\index.php(37): CodeIgniter\CodeIgniter->run()
#4 D:\xampp\htdocs\app_cafe_cintia\system\Commands\Server\rewrite.php(43): require_once('D:\\xampp\\htdocs...')
#5 {main}
CRITICAL - 2022-02-14 22:29:52 --> Class "App\Controllers\DetailPesananModel" not found
#0 D:\xampp\htdocs\app_cafe_cintia\system\CodeIgniter.php(802): App\Controllers\PesananController->__construct()
#1 D:\xampp\htdocs\app_cafe_cintia\system\CodeIgniter.php(403): CodeIgniter\CodeIgniter->createController()
#2 D:\xampp\htdocs\app_cafe_cintia\system\CodeIgniter.php(320): CodeIgniter\CodeIgniter->handleRequest(NULL, Object(Config\Cache), false)
#3 D:\xampp\htdocs\app_cafe_cintia\public\index.php(37): CodeIgniter\CodeIgniter->run()
#4 D:\xampp\htdocs\app_cafe_cintia\system\Commands\Server\rewrite.php(43): require_once('D:\\xampp\\htdocs...')
#5 {main}
